  [1m[35m (91.7ms)[0m  [1m[35mCREATE TABLE "schema_migrations" ("version" varchar NOT NULL PRIMARY KEY)[0m
  [1m[35m (90.4ms)[0m  [1m[35mCREATE TABLE "ar_internal_metadata" ("key" varchar NOT NULL PRIMARY KEY, "value" varchar, "created_at" datetime NOT NULL, "updated_at" datetime NOT NULL)[0m
  [1m[36mActiveRecord::SchemaMigration Load (0.1ms)[0m  [1m[34mSELECT "schema_migrations".* FROM "schema_migrations"[0m
Migrating to CreateSubmitions (20170328131927)
  [1m[35m (0.0ms)[0m  [1m[36mbegin transaction[0m
  [1m[35m (0.2ms)[0m  [1m[35mCREATE TABLE "submitions" ("id" INTEGER PRIMARY KEY AUTOINCREMENT NOT NULL, "Atividade" varchar, "Arquivo" varchar, "created_at" datetime NOT NULL, "updated_at" datetime NOT NULL)[0m
  [1m[35mSQL (0.1ms)[0m  [1m[32mINSERT INTO "schema_migrations" ("version") VALUES (?)[0m  [["version", "20170328131927"]]
  [1m[35m (90.2ms)[0m  [1m[36mcommit transaction[0m
  [1m[36mActiveRecord::InternalMetadata Load (0.1ms)[0m  [1m[34mSELECT  "ar_internal_metadata".* FROM "ar_internal_metadata" WHERE "ar_internal_metadata"."key" = ? LIMIT ?[0m  [["key", :environment], ["LIMIT", 1]]
  [1m[35m (0.0ms)[0m  [1m[36mbegin transaction[0m
  [1m[35mSQL (0.1ms)[0m  [1m[32mINSERT INTO "ar_internal_metadata" ("key", "value", "created_at", "updated_at") VALUES (?, ?, ?, ?)[0m  [["key", "environment"], ["value", "development"], ["created_at", 2017-03-28 13:20:49 UTC], ["updated_at", 2017-03-28 13:20:49 UTC]]
  [1m[35m (63.1ms)[0m  [1m[36mcommit transaction[0m
  [1m[36mActiveRecord::SchemaMigration Load (0.1ms)[0m  [1m[34mSELECT "schema_migrations".* FROM "schema_migrations"[0m
  [1m[36mActiveRecord::SchemaMigration Load (0.0ms)[0m  [1m[34mSELECT "schema_migrations".* FROM "schema_migrations"[0m
Started GET "/" for 127.0.0.1 at 2017-03-28 10:23:30 -0300
  [1m[36mActiveRecord::SchemaMigration Load (0.1ms)[0m  [1m[34mSELECT "schema_migrations".* FROM "schema_migrations"[0m
Processing by Rails::WelcomeController#index as HTML
  Parameters: {"internal"=>true}
  Rendering /var/lib/gems/2.3.0/gems/railties-5.0.2/lib/rails/templates/rails/welcome/index.html.erb
  Rendered /var/lib/gems/2.3.0/gems/railties-5.0.2/lib/rails/templates/rails/welcome/index.html.erb (2.5ms)
Completed 200 OK in 75ms (Views: 5.1ms | ActiveRecord: 0.0ms)


Started GET "/submitions" for 127.0.0.1 at 2017-03-28 10:23:40 -0300
Processing by SubmitionsController#index as HTML
  Rendering submitions/index.html.erb within layouts/application
  [1m[36mSubmition Load (0.2ms)[0m  [1m[34mSELECT "submitions".* FROM "submitions"[0m
  Rendered submitions/index.html.erb within layouts/application (6.2ms)
Completed 200 OK in 437ms (Views: 434.1ms | ActiveRecord: 0.4ms)


Started GET "/submitions/new" for 127.0.0.1 at 2017-03-28 10:23:41 -0300
Processing by SubmitionsController#new as HTML
  Rendering submitions/new.html.erb within layouts/application
  Rendered submitions/_form.html.erb (10.2ms)
  Rendered submitions/new.html.erb within layouts/application (11.0ms)
Completed 200 OK in 30ms (Views: 25.8ms | ActiveRecord: 0.3ms)


Started GET "/submitions/new" for 127.0.0.1 at 2017-03-28 10:24:20 -0300
Processing by SubmitionsController#new as HTML
  Rendering submitions/new.html.erb within layouts/application
  Rendered submitions/_form.html.erb (3.1ms)
  Rendered submitions/new.html.erb within layouts/application (4.2ms)
Completed 200 OK in 26ms (Views: 25.2ms | ActiveRecord: 0.0ms)


Started GET "/submitions/new" for 127.0.0.1 at 2017-03-28 10:25:16 -0300
Processing by SubmitionsController#new as HTML
  Rendering submitions/new.html.erb within layouts/application
  Rendered submitions/_form.html.erb (2.4ms)
  Rendered submitions/new.html.erb within layouts/application (3.4ms)
Completed 200 OK in 23ms (Views: 21.6ms | ActiveRecord: 0.0ms)


Started GET "/submitions/new" for 127.0.0.1 at 2017-03-28 10:26:19 -0300
Processing by SubmitionsController#new as HTML
  Rendering submitions/new.html.erb within layouts/application
  Rendered submitions/_form.html.erb (5.4ms)
  Rendered submitions/new.html.erb within layouts/application (6.1ms)
Completed 200 OK in 16ms (Views: 15.3ms | ActiveRecord: 0.0ms)


